PFLU_RS25880	PFLU_RS25880	100.000	1073	0	0	1	1073	1	3219	0.0	2202	0/1
PFLU_RS25880	PFLU_RS29880	23.229	353	223	10	7	339	4	978	1.26e-09	59.3	0/1
PFLU_RS25880	PFLU_RS09850	23.529	255	158	7	649	883	280	993	3.12e-08	54.7	0/1
PFLU_RS25880	PFLU_RS04715	30.435	138	88	4	623	756	175	576	7.87e-08	52.8	0/1
PFLU_RS25880	PFLU_RS21565	23.649	444	262	18	1	403	1	1224	3.76e-07	51.6	0/1
PFLU_RS25880	PFLU_RS21565	22.118	321	202	13	583	873	61	969	0.004	38.5	0/1
PFLU_RS25880	PFLU_RS18980	23.622	254	161	8	649	884	277	993	3.78e-06	48.5	0/1
PFLU_RS25880	PFLU_RS24605	23.000	200	144	5	653	848	280	861	3.95e-06	47.8	0/1
PFLU_RS25880	PFLU_RS24605	25.962	104	66	4	77	178	208	492	0.066	34.3	0/1
PFLU_RS25880	PFLU_RS03040	21.116	251	165	5	649	881	289	996	5.70e-06	47.8	0/1
PFLU_RS25880	PFLU_RS19660	22.747	233	172	5	649	874	271	966	8.64e-05	43.9	0/1
PFLU_RS25880	PFLU_RS06235	38.889	36	20	1	71	106	105	4	2.7	28.1	0/-1
PFLU_RS25880	PFLU_RS14320	35.714	56	33	3	552	605	145	309	3.4	27.7	0/1
PFLU_RS25880	PFLU_RS07030	27.586	58	35	1	721	771	64	237	4.1	28.1	0/1
PFLU_RS25880	PFLU_RS15355	37.209	43	22	2	485	522	592	720	4.1	28.5	0/1
PFLU_RS25880	PFLU_RS17925	44.444	27	15	0	784	810	229	149	5.6	28.1	0/-3
PFLU_RS25880	PFLU_RS16205	40.625	32	19	0	493	524	747	652	6.6	27.7	0/-1
PFLU_RS25880	PFLU_RS14865	40.741	27	16	0	47	73	353	273	7.9	27.3	0/-2
PFLU_RS25880	PFLU_RS28635	45.455	44	12	3	819	861	328	426	8.0	27.3	0/1
PFLU_RS25880	PFLU_RS20160	40.000	30	17	1	163	191	104	193	8.1	25.4	0/2
PFLU_RS25880	PFLU_RS04400	31.915	47	26	1	630	670	447	307	9.9	27.3	0/-1
