PFLU_RS08410	PFLU_RS08410	100.000	324	0	0	1	324	1	972	0.0	670	0/1
PFLU_RS08410	PFLU_RS21345	27.632	228	163	2	23	250	70	747	7.89e-23	94.0	0/1
PFLU_RS08410	PFLU_RS20585	27.826	230	165	1	20	249	55	741	4.76e-21	89.0	0/1
PFLU_RS08410	PFLU_RS20980	27.027	222	160	2	18	239	61	720	5.44e-21	89.4	0/1
PFLU_RS08410	PFLU_RS06010	25.890	309	201	10	1	294	4	891	3.02e-20	87.0	0/1
PFLU_RS08410	PFLU_RS21120	27.236	246	175	3	1	246	1	726	5.31e-20	86.3	0/1
PFLU_RS08410	PFLU_RS10590	26.829	246	177	3	1	246	1	729	1.17e-19	85.1	0/1
PFLU_RS08410	PFLU_RS29545	27.059	255	177	5	1	250	1	753	1.28e-18	82.4	0/1
PFLU_RS08410	PFLU_RS29885	27.273	253	178	5	1	252	22	765	8.70e-18	80.1	0/1
PFLU_RS08410	PFLU_RS16960	27.347	245	175	3	3	247	13	738	2.24e-17	78.6	0/1
PFLU_RS08410	PFLU_RS28610	25.941	239	155	5	18	248	49	723	5.20e-17	77.4	0/1
PFLU_RS08410	PFLU_RS25450	24.895	237	175	3	18	254	55	756	1.26e-16	76.6	0/1
PFLU_RS08410	PFLU_RS07050	26.016	246	176	5	1	243	4	732	1.93e-16	75.9	0/1
PFLU_RS08410	PFLU_RS12705	23.320	253	175	5	1	245	1	726	3.00e-15	72.8	0/1
PFLU_RS08410	PFLU_RS14945	23.643	258	195	2	23	280	70	837	7.20e-15	71.6	0/1
PFLU_RS08410	PFLU_RS27600	26.991	226	150	5	1	220	1	651	7.62e-15	71.2	0/1
PFLU_RS08410	PFLU_RS14275	26.250	240	173	4	3	242	13	720	1.87e-14	70.5	0/1
PFLU_RS08410	PFLU_RS20785	26.087	253	177	6	1	250	1	738	7.13e-14	68.6	0/1
PFLU_RS08410	PFLU_RS11235	25.461	271	178	8	1	260	4	777	2.79e-13	67.0	0/1
PFLU_RS08410	PFLU_RS12545	25.194	258	169	6	1	245	4	744	1.46e-12	64.7	0/1
PFLU_RS08410	PFLU_RS24750	25.692	253	181	7	4	251	13	765	1.59e-12	64.7	0/1
PFLU_RS08410	PFLU_RS25485	28.629	248	165	8	1	243	1	723	2.93e-12	63.9	0/1
PFLU_RS08410	PFLU_RS22450	32.308	130	85	3	1	130	1	381	1.44e-11	61.6	0/1
PFLU_RS08410	PFLU_RS19070	25.200	250	180	5	1	249	1	732	2.33e-11	60.8	0/1
PFLU_RS08410	PFLU_RS05540	26.633	199	138	5	1	194	4	591	3.57e-11	60.5	0/1
PFLU_RS08410	PFLU_RS17970	24.891	229	168	4	18	245	49	726	5.64e-10	57.0	0/1
PFLU_RS08410	PFLU_RS02415	24.667	300	194	10	3	290	19	858	6.78e-10	56.6	0/1
PFLU_RS08410	PFLU_RS22805	29.927	137	90	4	18	153	73	468	1.07e-09	56.2	0/1
PFLU_RS08410	PFLU_RS06980	25.792	221	148	7	34	247	124	759	2.98e-09	54.7	0/1
PFLU_RS08410	PFLU_RS03275	24.481	241	164	8	18	250	52	744	1.38e-08	52.8	0/1
PFLU_RS08410	PFLU_RS28220	21.032	252	180	4	1	243	1	726	3.02e-08	51.6	0/1
PFLU_RS08410	PFLU_RS01370	23.194	263	176	8	1	253	1	741	3.32e-08	51.6	0/1
PFLU_RS08410	PFLU_RS08450	24.576	236	152	7	18	240	61	729	7.82e-08	50.4	0/1
PFLU_RS08410	PFLU_RS01050	21.795	234	163	4	18	248	52	702	1.36e-07	49.7	0/1
PFLU_RS08410	PFLU_RS19135	33.333	99	63	2	26	124	76	363	1.37e-07	49.7	0/1
PFLU_RS08410	PFLU_RS25165	26.582	158	109	4	11	163	49	516	1.46e-07	49.7	0/1
PFLU_RS08410	PFLU_RS00560	28.877	187	112	8	10	184	40	573	1.51e-07	49.7	0/1
PFLU_RS08410	PFLU_RS18050	28.440	109	77	1	18	126	52	375	2.69e-07	48.9	0/1
PFLU_RS08410	PFLU_RS01035	23.267	202	146	5	1	198	7	597	1.30e-06	47.0	0/1
PFLU_RS08410	PFLU_RS16235	26.866	134	93	4	10	143	37	423	2.28e-06	45.8	0/1
PFLU_RS08410	PFLU_RS10075	29.091	110	71	3	20	126	79	396	2.63e-06	45.8	0/1
PFLU_RS08410	PFLU_RS22755	24.793	242	169	7	23	258	67	771	5.66e-06	44.7	0/1
PFLU_RS08410	PFLU_RS16755	27.500	120	62	3	18	126	73	390	6.84e-06	44.7	0/1
PFLU_RS08410	PFLU_RS20680	23.950	238	155	9	18	243	61	732	1.94e-05	43.1	0/1
PFLU_RS08410	PFLU_RS08460	25.000	252	139	11	29	265	100	750	2.73e-05	42.7	0/1
PFLU_RS08410	PFLU_RS07990	28.182	110	77	2	18	126	52	378	3.01e-05	42.7	0/1
PFLU_RS08410	PFLU_RS19805	27.523	109	78	1	18	126	52	375	3.90e-05	42.4	0/1
PFLU_RS08410	PFLU_RS21070	29.907	107	69	3	21	125	61	369	1.47e-04	40.4	0/1
PFLU_RS08410	PFLU_RS08805	31.429	105	71	1	18	122	52	363	3.32e-04	39.3	0/1
PFLU_RS08410	PFLU_RS28230	21.162	241	160	6	18	243	67	744	4.32e-04	38.9	0/1
PFLU_RS08410	PFLU_RS14625	23.853	109	82	1	18	126	52	375	0.002	36.6	0/1
PFLU_RS08410	PFLU_RS25545	23.967	242	155	8	1	234	31	693	0.004	35.8	0/1
PFLU_RS08410	PFLU_RS16370	20.219	183	139	3	23	204	67	597	0.005	35.8	0/1
PFLU_RS08410	PFLU_RS18945	20.000	220	167	5	9	224	37	681	0.007	35.0	0/1
PFLU_RS08410	PFLU_RS10630	19.835	242	182	7	4	243	13	708	0.085	32.0	0/1
PFLU_RS08410	PFLU_RS19700	39.583	48	28	1	217	263	355	498	0.56	29.3	0/1
PFLU_RS08410	PFLU_RS12365	38.000	50	31	0	6	55	73	222	0.65	28.9	0/1
PFLU_RS08410	PFLU_RS27930	31.081	74	50	1	200	272	591	370	2.7	27.3	0/-1
PFLU_RS08410	PFLU_RS22750	25.882	85	51	2	166	238	397	651	4.1	26.6	0/1
PFLU_RS08410	PFLU_RS05385	53.846	26	11	1	103	128	285	211	7.1	26.2	0/-1
PFLU_RS08410	PFLU_RS28910	41.379	29	17	0	133	161	43	129	8.8	25.0	0/1
