PFLU_RS03770	PFLU_RS03770	100.000	632	0	0	1	632	1	1896	0.0	1296	0/1
PFLU_RS03770	PFLU_RS10330	34.518	197	118	3	439	631	37	606	1.33e-28	111	0/1
PFLU_RS03770	PFLU_RS27175	26.113	337	194	12	29	345	49	954	3.01e-15	75.5	0/1
PFLU_RS03770	PFLU_RS05250	24.188	277	157	10	27	293	28	729	3.15e-09	57.4	0/1
PFLU_RS03770	PFLU_RS01720	25.298	336	191	14	32	348	37	921	9.91e-08	52.4	0/1
PFLU_RS03770	PFLU_RS25810	36.471	85	53	1	89	173	1123	1374	1.13e-06	49.3	0/1
PFLU_RS03770	PFLU_RS04070	27.465	142	91	3	27	168	40	429	5.07e-05	43.5	0/1
PFLU_RS03770	PFLU_RS14010	23.711	97	73	1	5	100	603	313	0.24	31.6	0/-1
PFLU_RS03770	PFLU_RS10710	35.821	67	29	3	501	559	1444	1626	1.2	29.6	0/1
PFLU_RS03770	PFLU_RS17555	41.935	31	13	1	465	490	115	207	1.2	29.6	0/1
PFLU_RS03770	PFLU_RS22235	48.485	33	16	1	471	503	1183	1278	1.3	29.6	0/1
PFLU_RS03770	PFLU_RS07630	24.675	77	58	0	76	152	31	261	2.3	28.9	0/1
PFLU_RS03770	PFLU_RS19620	42.857	42	22	2	463	503	73	195	2.7	28.1	0/1
PFLU_RS03770	PFLU_RS29950	41.176	51	22	2	464	507	16	165	2.8	28.5	0/1
PFLU_RS03770	PFLU_RS15385	26.724	116	68	3	59	157	238	585	3.6	28.1	0/1
PFLU_RS03770	PFLU_RS09810	33.824	68	41	2	357	420	529	732	3.8	27.7	0/1
PFLU_RS03770	PFLU_RS14330	40.741	54	28	2	456	505	73	234	4.2	27.7	0/1
PFLU_RS03770	PFLU_RS18535	66.667	18	6	0	572	589	40	93	4.4	27.3	0/1
PFLU_RS03770	PFLU_RS29495	31.944	72	33	4	381	441	339	139	5.9	27.3	0/-1
PFLU_RS03770	PFLU_RS11505	28.846	52	35	1	73	124	508	657	6.0	27.3	0/1
PFLU_RS03770	PFLU_RS04975	33.333	48	31	1	462	509	112	252	6.8	26.9	0/1
PFLU_RS03770	PFLU_RS29645	28.125	96	44	5	80	163	306	58	7.3	26.6	0/-1
PFLU_RS03770	PFLU_RS27470	47.826	23	10	1	510	532	373	311	7.6	26.2	0/-3
PFLU_RS03770	PFLU_RS08865	30.645	62	27	2	140	185	334	519	8.9	26.6	0/1
