PFLU_RS00950	PFLU_RS00950	100.000	272	0	0	1	272	1	816	1.61e-180	495	0/1
PFLU_RS00950	PFLU_RS00955	31.858	226	154	0	46	271	169	846	6.19e-32	117	0/1
PFLU_RS00950	PFLU_RS14480	32.632	190	127	1	56	244	22	591	5.84e-21	86.3	0/1
PFLU_RS00950	PFLU_RS27400	30.392	204	121	5	23	219	88	657	1.83e-15	72.0	0/1
PFLU_RS00950	PFLU_RS05985	34.759	187	104	4	53	238	175	684	5.29e-15	70.9	0/1
PFLU_RS00950	PFLU_RS17435	26.904	197	137	2	46	239	133	711	2.03e-13	66.2	0/1
PFLU_RS00950	PFLU_RS12350	30.178	169	103	2	66	234	205	666	8.41e-12	61.6	0/1
PFLU_RS00950	PFLU_RS02605	28.977	176	110	3	20	195	85	567	3.85e-11	60.5	0/1
PFLU_RS00950	PFLU_RS02605	26.866	67	49	0	152	218	1216	1416	0.26	30.0	0/1
PFLU_RS00950	PFLU_RS28755	25.322	233	153	7	3	224	4	672	1.12e-10	58.5	0/1
PFLU_RS00950	PFLU_RS12355	27.536	207	141	2	36	239	118	720	2.29e-10	57.4	0/1
PFLU_RS00950	PFLU_RS28920	26.554	177	121	3	43	214	115	633	1.60e-09	55.5	0/1
PFLU_RS00950	PFLU_RS17430	32.418	182	97	7	38	212	124	612	3.77e-09	53.5	0/1
PFLU_RS00950	PFLU_RS28600	28.169	142	98	1	79	220	283	696	1.06e-08	53.1	0/1
PFLU_RS00950	PFLU_RS11495	27.517	149	92	3	56	204	211	609	6.55e-08	50.1	0/1
PFLU_RS00950	PFLU_RS10000	28.910	211	115	8	20	211	46	630	9.34e-08	49.7	0/1
PFLU_RS00950	PFLU_RS16160	37.333	75	47	0	144	218	466	690	4.49e-07	47.8	0/1
PFLU_RS00950	PFLU_RS29760	34.211	76	50	0	143	218	1198	1425	1.23e-06	47.0	0/1
PFLU_RS00950	PFLU_RS05990	22.449	196	118	4	62	223	256	843	1.48e-06	46.2	0/1
PFLU_RS00950	PFLU_RS28760	24.848	165	111	3	56	211	253	735	4.03e-04	38.5	0/1
PFLU_RS00950	PFLU_RS29765	25.472	106	68	2	127	222	1519	1833	0.001	37.7	0/1
PFLU_RS00950	PFLU_RS13400	27.132	129	87	4	71	192	250	636	0.002	36.6	0/1
PFLU_RS00950	PFLU_RS13395	32.203	59	40	0	132	190	397	573	0.039	32.3	0/1
PFLU_RS00950	PFLU_RS29060	30.921	152	86	8	45	193	13	420	0.076	31.2	0/1
PFLU_RS00950	PFLU_RS01250	35.849	53	27	1	155	207	502	639	0.33	29.6	0/1
PFLU_RS00950	PFLU_RS06475	30.000	50	35	0	144	193	334	483	0.38	29.3	0/1
PFLU_RS00950	PFLU_RS23345	26.744	86	60	2	118	200	208	465	0.64	28.5	0/1
PFLU_RS00950	PFLU_RS10990	31.915	94	50	3	162	241	454	735	0.73	28.5	0/1
PFLU_RS00950	PFLU_RS12795	30.556	72	45	2	131	198	250	462	1.1	27.7	0/1
PFLU_RS00950	PFLU_RS29055	45.455	33	17	1	165	196	346	444	2.3	26.9	0/1
PFLU_RS00950	PFLU_RS01010	35.849	53	27	1	155	207	481	618	3.2	26.6	0/1
PFLU_RS00950	PFLU_RS01125	31.579	38	26	0	156	193	319	432	6.5	25.4	0/1
